<?xml version="1.0" encoding="UTF-8"?>
<!-- Generated by org.testng.reporters.JUnitXMLReporter -->
<testsuite ignored="1" hostname="TYSS-Manjunath-S" failures="0" tests="1" name="Surefire test" time="0.071" errors="0" timestamp="2024-02-08T12:46:12 IST">
  <testcase classname="com.tyss.practice.MTest" name="testcase2" time="0.012"/>
  <testcase classname="com.tyss.practice.MTest" name="testcase1" time="0.0">
    <ignored/>
  </testcase> <!-- testcase1 -->
</testsuite> <!-- Surefire test -->
