<?xml version="1.0" encoding="UTF-8"?>
<testng-results ignored="0" total="1" passed="1" failed="0" skipped="0">
  <reporter-output>
  </reporter-output>
  <suite started-at="2024-02-08T11:32:23 IST" name="Default suite" finished-at="2024-02-08T11:32:23 IST" duration-ms="72">
    <groups>
    </groups>
    <test started-at="2024-02-08T11:32:23 IST" name="Default test" finished-at="2024-02-08T11:32:23 IST" duration-ms="72">
      <class name="com.tyss.practice.MTest">
        <test-method signature="testcase1()[pri:0, instance:com.tyss.practice.MTest@4803b726]" started-at="2024-02-08T11:32:23 IST" name="testcase1" finished-at="2024-02-08T11:32:23 IST" duration-ms="12" status="PASS">
          <reporter-output>
          </reporter-output>
        </test-method> <!-- testcase1 -->
      </class> <!-- com.tyss.practice.MTest -->
    </test> <!-- Default test -->
  </suite> <!-- Default suite -->
</testng-results>
