<?xml version="1.0" encoding="UTF-8"?>
<testng-results ignored="1" total="2" passed="1" failed="0" skipped="0">
  <reporter-output>
  </reporter-output>
  <suite started-at="2024-02-08T12:46:12 IST" name="Surefire suite" finished-at="2024-02-08T12:46:12 IST" duration-ms="71">
    <groups>
    </groups>
    <test started-at="2024-02-08T12:46:12 IST" name="Surefire test" finished-at="2024-02-08T12:46:12 IST" duration-ms="71">
      <class name="com.tyss.practice.MTest">
        <test-method signature="testcase2()[pri:0, instance:com.tyss.practice.MTest@59d016c9]" started-at="2024-02-08T12:46:12 IST" name="testcase2" finished-at="2024-02-08T12:46:12 IST" duration-ms="12" status="PASS">
          <reporter-output>
          </reporter-output>
        </test-method> <!-- testcase2 -->
      </class> <!-- com.tyss.practice.MTest -->
    </test> <!-- Surefire test -->
  </suite> <!-- Surefire suite -->
</testng-results>
